Looking for a CUDA compiler failed with the following output:
-- The CUDA compiler identification is unknown
CMake Error at CMakeLists.txt:2 (project):
  No CMAKE_CUDA_COMPILER could be found.

  Tell CMake where to find the compiler by setting either the environment
  variable "CUDACXX" or the CMake cache entry CMAKE_CUDA_COMPILER to the full
  path to the compiler, or to the compiler name if it is in the PATH.


-- Configuring incomplete, errors occurred!
See also "/home/ykatkov/Build/NeoML/NeoML/build-NeoMathEngine-Imported_Kit_adf836-Debug/src/CMakeFiles/CheckCUDA/CMakeFiles/CMakeOutput.log".
See also "/home/ykatkov/Build/NeoML/NeoML/build-NeoMathEngine-Imported_Kit_adf836-Debug/src/CMakeFiles/CheckCUDA/CMakeFiles/CMakeError.log".

Performing C++ SOURCE FILE Test CMAKE_HAVE_LIBC_PTHREAD failed with the following output:
Change Dir: /home/ykatkov/Build/NeoML/NeoML/build-NeoMathEngine-Imported_Kit_adf836-Debug/CMakeFiles/CMakeTmp

Run Build Command(s):/usr/bin/make cmTC_5fee6/fast && /usr/bin/make -f CMakeFiles/cmTC_5fee6.dir/build.make CMakeFiles/cmTC_5fee6.dir/build
make[1]: Entering directory '/home/ykatkov/Build/NeoML/NeoML/build-NeoMathEngine-Imported_Kit_adf836-Debug/CMakeFiles/CMakeTmp'
Building CXX object CMakeFiles/cmTC_5fee6.dir/src.cxx.o
/usr/bin/g++    -DCMAKE_HAVE_LIBC_PTHREAD -fPIE   -o CMakeFiles/cmTC_5fee6.dir/src.cxx.o -c /home/ykatkov/Build/NeoML/NeoML/build-NeoMathEngine-Imported_Kit_adf836-Debug/CMakeFiles/CMakeTmp/src.cxx
Linking CXX executable cmTC_5fee6
/usr/local/bin/cmake -E cmake_link_script CMakeFiles/cmTC_5fee6.dir/link.txt --verbose=1
/usr/bin/g++   -DCMAKE_HAVE_LIBC_PTHREAD    CMakeFiles/cmTC_5fee6.dir/src.cxx.o  -o cmTC_5fee6 
CMakeFiles/cmTC_5fee6.dir/src.cxx.o: In function `main':
src.cxx:(.text+0x3e): undefined reference to `pthread_create'
src.cxx:(.text+0x4a): undefined reference to `pthread_detach'
src.cxx:(.text+0x5b): undefined reference to `pthread_join'
src.cxx:(.text+0x6f): undefined reference to `pthread_atfork'
collect2: error: ld returned 1 exit status
CMakeFiles/cmTC_5fee6.dir/build.make:86: recipe for target 'cmTC_5fee6' failed
make[1]: *** [cmTC_5fee6] Error 1
make[1]: Leaving directory '/home/ykatkov/Build/NeoML/NeoML/build-NeoMathEngine-Imported_Kit_adf836-Debug/CMakeFiles/CMakeTmp'
Makefile:121: recipe for target 'cmTC_5fee6/fast' failed
make: *** [cmTC_5fee6/fast] Error 2


Source file was:
#include <pthread.h>

void* test_func(void* data)
{
  return data;
}

int main(void)
{
  pthread_t thread;
  pthread_create(&thread, NULL, test_func, NULL);
  pthread_detach(thread);
  pthread_join(thread, NULL);
  pthread_atfork(NULL, NULL, NULL);
  pthread_exit(NULL);

  return 0;
}

